TN:
SF:/Users/mwhite/Desktop/MyStuff/forme/Tutorials/btholt-react-tutorial/js/Search.jsx
FN:5,getInitialState
FN:5,myRandomFunct
FN:5,handleSearchTermEvent
FN:5,render
FN:26,(anonymous_5)
FN:27,(anonymous_6)
FNF:6
FNH:5
FNDA:3,getInitialState
FNDA:0,myRandomFunct
FNDA:1,handleSearchTermEvent
FNDA:4,render
FNDA:84,(anonymous_5)
FNDA:65,(anonymous_6)
DA:1,1
DA:2,1
DA:3,1
DA:5,1
DA:7,3
DA:12,0
DA:15,1
DA:17,4
DA:18,4
DA:26,84
DA:27,65
DA:36,1
LF:12
LH:11
BRF:0
BRH:0
end_of_record
TN:
SF:/Users/mwhite/Desktop/MyStuff/forme/Tutorials/btholt-react-tutorial/js/ShowCard.jsx
FN:3,ShowCard
FNF:1
FNH:1
FNDA:23,ShowCard
DA:1,1
DA:3,23
DA:16,1
DA:23,1
LF:4
LH:4
BRF:0
BRH:0
end_of_record
